[2026-01-04 21:09:05] Edge function çağrılıyor...
[2026-01-04 21:09:05] ✓ Başarılı (HTTP 200)
  Coin: BTC, Endpoint: RSI, Progress: 4/8
[2026-01-04 21:10:54] Edge function çağrılıyor...
[2026-01-04 21:10:54] ✓ Başarılı (HTTP 200)
  Coin: BTC, Endpoint: MA, Progress: 1/8
[2026-01-04 21:11:15] Edge function çağrılıyor...
[2026-01-04 21:11:15] ✓ Başarılı (HTTP 200)
  Coin: BTC, Endpoint: VWAP, Progress: 2/5
[2026-01-04 21:11:38] Edge function çağrılıyor...
[2026-01-04 21:11:38] ✓ Başarılı (HTTP 200)
  Coin: BTC, Endpoint: Bollinger Bands, Progress: 3/5
[2026-01-04 21:12:00] Edge function çağrılıyor...
[2026-01-04 21:12:00] ✓ Başarılı (HTTP 200)
  Coin: BTC, Endpoint: Pivot Points, Progress: 4/5
[2026-01-04 21:12:22] Edge function çağrılıyor...
[2026-01-04 21:12:22] ✓ Başarılı (HTTP 200)
  Coin: BTC, Endpoint: RSI, Progress: 5/5
[2026-01-04 21:12:44] Edge function çağrılıyor...
[2026-01-04 21:12:44] ✓ Başarılı (HTTP 200)
  Coin: ETH, Endpoint: ATR, Progress: 1/5
[2026-01-04 21:13:06] Edge function çağrılıyor...
[2026-01-04 21:13:06] ✓ Başarılı (HTTP 200)
  Coin: ETH, Endpoint: ATR, Progress: 2/8
[2026-01-04 21:13:27] Edge function çağrılıyor...
[2026-01-04 21:13:27] ✓ Başarılı (HTTP 200)
  Coin: ETH, Endpoint: Fibonacci, Progress: 3/8
[2026-01-04 21:13:49] Edge function çağrılıyor...
[2026-01-04 21:13:49] ✓ Başarılı (HTTP 200)
  Coin: ETH, Endpoint: RSI, Progress: 4/8
[2026-01-04 21:14:10] Edge function çağrılıyor...
[2026-01-04 21:14:10] ✓ Başarılı (HTTP 200)
  Coin: ETH, Endpoint: ADX, Progress: 5/8
[2026-01-04 21:14:32] Edge function çağrılıyor...
[2026-01-04 21:14:32] ✓ Başarılı (HTTP 200)
  Coin: ETH, Endpoint: SMA50, Progress: 6/8
[2026-01-04 21:14:53] Edge function çağrılıyor...
[2026-01-04 21:14:53] ✓ Başarılı (HTTP 200)
  Coin: ETH, Endpoint: SMA100, Progress: 7/8
[2026-01-04 21:15:15] Edge function çağrılıyor...
[2026-01-04 21:15:15] ✓ Başarılı (HTTP 200)
  Coin: ETH, Endpoint: MA, Progress: 1/8
[2026-01-04 21:15:36] Edge function çağrılıyor...
[2026-01-04 21:15:36] ✓ Başarılı (HTTP 200)
  Coin: ETH, Endpoint: VWAP, Progress: 2/5
[2026-01-04 21:15:58] Edge function çağrılıyor...
[2026-01-04 21:15:58] ✓ Başarılı (HTTP 200)
  Coin: ETH, Endpoint: Bollinger Bands, Progress: 3/5
[2026-01-04 21:16:20] Edge function çağrılıyor...
[2026-01-04 21:16:20] ✓ Başarılı (HTTP 200)
  Coin: ETH, Endpoint: Pivot Points, Progress: 4/5
[2026-01-04 21:16:41] Edge function çağrılıyor...
[2026-01-04 21:16:41] ✓ Başarılı (HTTP 200)
  Coin: ETH, Endpoint: RSI, Progress: 5/5
[2026-01-04 21:17:03] Edge function çağrılıyor...
[2026-01-04 21:17:03] ✓ Başarılı (HTTP 200)
  Coin: SOL, Endpoint: ATR, Progress: 1/5
[2026-01-04 21:17:24] Edge function çağrılıyor...
[2026-01-04 21:17:24] ✓ Başarılı (HTTP 200)
  Coin: SOL, Endpoint: ATR, Progress: 2/8
[2026-01-04 21:17:46] Edge function çağrılıyor...
[2026-01-04 21:17:46] ✓ Başarılı (HTTP 200)
  Coin: SOL, Endpoint: Fibonacci, Progress: 3/8
[2026-01-04 21:18:07] Edge function çağrılıyor...
[2026-01-04 21:18:07] ✓ Başarılı (HTTP 200)
  Coin: SOL, Endpoint: ADX, Progress: 5/8
[2026-01-04 21:18:29] Edge function çağrılıyor...
[2026-01-04 21:18:29] ✓ Başarılı (HTTP 200)
  Coin: SOL, Endpoint: SMA50, Progress: 6/8
[2026-01-04 21:18:50] Edge function çağrılıyor...
[2026-01-04 21:18:50] ✓ Başarılı (HTTP 200)
  Coin: SOL, Endpoint: SMA100, Progress: 7/8
[2026-01-04 21:19:12] Edge function çağrılıyor...
[2026-01-04 21:19:12] ✓ Başarılı (HTTP 200)
  Coin: SOL, Endpoint: SMA200, Progress: 8/8
[2026-01-04 21:19:38] Edge function çağrılıyor...
[2026-01-04 21:19:38] ✓ Başarılı (HTTP 200)
  Coin: SOL, Endpoint: MA, Progress: 1/8
[2026-01-04 21:20:00] Edge function çağrılıyor...
[2026-01-04 21:20:00] ✓ Başarılı (HTTP 200)
  Coin: SOL, Endpoint: VWAP, Progress: 2/5
[2026-01-04 21:20:24] Edge function çağrılıyor...
[2026-01-04 21:20:24] ✓ Başarılı (HTTP 200)
  Coin: SOL, Endpoint: Bollinger Bands, Progress: 3/5
[2026-01-04 21:20:45] Edge function çağrılıyor...
[2026-01-04 21:20:45] ✓ Başarılı (HTTP 200)
  Coin: SOL, Endpoint: Pivot Points, Progress: 4/5
[2026-01-04 21:21:07] Edge function çağrılıyor...
[2026-01-04 21:21:07] ✓ Başarılı (HTTP 200)
  Coin: ADA, Endpoint: ATR, Progress: 1/5
[2026-01-04 21:21:28] Edge function çağrılıyor...
[2026-01-04 21:21:28] ✓ Başarılı (HTTP 200)
  Coin: ADA, Endpoint: ATR, Progress: 2/8
[2026-01-04 21:21:50] Edge function çağrılıyor...
[2026-01-04 21:21:50] ✓ Başarılı (HTTP 200)
  Coin: ADA, Endpoint: Fibonacci, Progress: 3/8
[2026-01-04 21:22:11] Edge function çağrılıyor...
[2026-01-04 21:22:11] ✓ Başarılı (HTTP 200)
  Coin: ADA, Endpoint: RSI, Progress: 4/8
[2026-01-04 21:22:33] Edge function çağrılıyor...
[2026-01-04 21:22:33] ✗ Hata (HTTP 000)
  Response: 
[2026-01-04 21:30:01] Edge function çağrılıyor...
[2026-01-04 21:30:01] ✓ Başarılı (HTTP 200)
  Coin: ADA, Endpoint: MA, Progress: 1/8
[2026-01-04 21:32:43] Edge function çağrılıyor...
[2026-01-04 21:32:43] ✗ Hata (HTTP 000)
  Response: 
[2026-01-04 21:34:52] Edge function çağrılıyor...
[2026-01-04 21:34:52] ✗ Hata (HTTP 000)
  Response: 
[2026-01-04 21:46:31] Edge function çağrılıyor...
[2026-01-04 21:46:31] ✗ Hata (HTTP 000)
  Response: 
[2026-01-04 21:49:37] Edge function çağrılıyor...
[2026-01-04 21:49:37] ✓ Başarılı (HTTP 200)
  Coin: AVAX, Endpoint: SMA50, Progress: 6/8
[2026-01-04 21:52:22] Edge function çağrılıyor...
[2026-01-04 21:52:22] ✓ Başarılı (HTTP 200)
  Coin: AVAX, Endpoint: SMA200, Progress: 8/8
[2026-01-04 22:10:57] Edge function çağrılıyor...
[2026-01-04 22:10:57] ✗ Hata (HTTP 000)
  Response: 
[2026-01-04 22:25:04] Edge function çağrılıyor...
[2026-01-04 22:25:04] ✗ Hata (HTTP 000)
  Response: 
[2026-01-04 23:05:29] Edge function çağrılıyor...
[2026-01-04 23:05:29] ✓ Başarılı (HTTP 200)
  Coin: DOGE, Endpoint: MA, Progress: 1/8
[2026-01-04 23:16:09] Edge function çağrılıyor...
[2026-01-04 23:16:09] ✗ Hata (HTTP 000)
  Response: 
[2026-01-04 23:55:23] Edge function çağrılıyor...
[2026-01-04 23:55:23] ✗ Hata (HTTP 000)
  Response: 
[2026-01-05 00:06:32] Edge function çağrılıyor...
[2026-01-05 00:06:32] ✗ Hata (HTTP 000)
  Response: 
[2026-01-05 00:55:03] Edge function çağrılıyor...
[2026-01-05 00:55:03] ✓ Başarılı (HTTP 200)
  Coin: NEAR, Endpoint: Bollinger Bands, Progress: 3/5
[2026-01-05 01:23:42] Edge function çağrılıyor...
[2026-01-05 01:23:42] ✓ Başarılı (HTTP 200)
  Coin: BTC, Endpoint: SMA200, Progress: 8/8
[2026-01-05 02:13:46] Edge function çağrılıyor...
[2026-01-05 02:13:46] ✓ Başarılı (HTTP 200)
  Coin: ETH, Endpoint: RSI, Progress: 5/5
[2026-01-05 02:54:04] Edge function çağrılıyor...
[2026-01-05 02:54:04] ✗ Hata (HTTP 000)
  Response: 
[2026-01-05 03:58:48] Edge function çağrılıyor...
[2026-01-05 03:58:48] ✓ Başarılı (HTTP 200)
  Coin: AVAX, Endpoint: Bollinger Bands, Progress: 3/5
[2026-01-05 04:58:33] Edge function çağrılıyor...
[2026-01-05 04:58:33] ✓ Başarılı (HTTP 200)
  Coin: DOGE, Endpoint: SMA50, Progress: 6/8
[2026-01-05 05:43:11] Edge function çağrılıyor...
[2026-01-05 05:43:11] ✗ Hata (HTTP 000)
  Response: 
[2026-01-05 06:28:46] Edge function çağrılıyor...
[2026-01-05 06:28:46] ✗ Hata (HTTP 000)
  Response: 
[2026-01-05 07:29:41] Edge function çağrılıyor...
[2026-01-05 07:29:41] ✓ Başarılı (HTTP 200)
  Coin: BTC, Endpoint: SMA50, Progress: 6/8
[2026-01-05 08:20:13] Edge function çağrılıyor...
[2026-01-05 08:20:13] ✓ Başarılı (HTTP 200)
  Coin: ETH, Endpoint: Bollinger Bands, Progress: 3/5
[2026-01-05 09:02:20] Edge function çağrılıyor...
[2026-01-05 09:02:20] ✓ Başarılı (HTTP 200)
  Coin: SOL, Endpoint: RSI, Progress: 5/5
[2026-01-05 09:10:19] Edge function çağrılıyor...
[2026-01-05 09:10:19] ✓ Başarılı (HTTP 200)
  Coin: ADA, Endpoint: RSI, Progress: 4/8
[2026-01-05 09:16:30] Edge function çağrılıyor...
[2026-01-05 09:16:30] ✗ Hata (HTTP 000)
  Response: 
[2026-01-05 09:30:57] Edge function çağrılıyor...
[2026-01-05 09:30:57] ✗ Hata (HTTP 000)
  Response: 
[2026-01-05 10:09:41] Edge function çağrılıyor...
[2026-01-05 10:09:41] ✓ Başarılı (HTTP 200)
  Coin: XRP, Endpoint: ATR, Progress: 1/5
[2026-01-05 10:16:30] Edge function çağrılıyor...
[2026-01-05 10:16:30] ✓ Başarılı (HTTP 200)
  Coin: XRP, Endpoint: RSI, Progress: 4/8
[2026-01-05 10:24:38] Edge function çağrılıyor...
[2026-01-05 10:24:38] ✓ Başarılı (HTTP 200)
  Coin: XRP, Endpoint: SMA200, Progress: 8/8
[2026-01-05 10:30:46] Edge function çağrılıyor...
[2026-01-05 10:30:46] ✓ Başarılı (HTTP 200)
  Coin: XRP, Endpoint: Bollinger Bands, Progress: 3/5
[2026-01-05 10:37:32] Edge function çağrılıyor...
[2026-01-05 10:37:32] ✗ Hata (HTTP 000)
  Response: 
[2026-01-05 10:52:33] Edge function çağrılıyor...
[2026-01-05 10:52:33] ✓ Başarılı (HTTP 200)
  Coin: DOGE, Endpoint: SMA100, Progress: 7/8
[2026-01-05 11:01:01] Edge function çağrılıyor...
[2026-01-05 11:01:01] ✓ Başarılı (HTTP 200)
  Coin: DOGE, Endpoint: Bollinger Bands, Progress: 3/5
[2026-01-05 11:06:21] Edge function çağrılıyor...
[2026-01-05 11:06:21] ✗ Hata (HTTP 000)
  Response: 
[2026-01-05 11:10:28] Edge function çağrılıyor...
[2026-01-05 11:10:28] ✓ Başarılı (HTTP 200)
  Coin: BNB, Endpoint: Fibonacci, Progress: 3/8
[2026-01-05 11:17:24] Edge function çağrılıyor...
[2026-01-05 11:17:24] ✓ Başarılı (HTTP 200)
  Coin: BNB, Endpoint: SMA50, Progress: 6/8
[2026-01-05 11:20:36] Edge function çağrılıyor...
[2026-01-05 11:20:36] ✓ Başarılı (HTTP 200)
  Coin: BNB, Endpoint: SMA200, Progress: 8/8
[2026-01-05 11:27:08] Edge function çağrılıyor...
[2026-01-05 11:27:08] ✓ Başarılı (HTTP 200)
  Coin: BNB, Endpoint: Pivot Points, Progress: 4/5
[2026-01-05 11:28:21] Edge function çağrılıyor...
[2026-01-05 11:28:21] ✓ Başarılı (HTTP 200)
  Coin: BNB, Endpoint: RSI, Progress: 5/5
[2026-01-05 11:28:57] Edge function çağrılıyor...
[2026-01-05 11:28:57] ✓ Başarılı (HTTP 200)
  Coin: RENDER, Endpoint: ATR, Progress: 1/5
[2026-01-05 11:29:19] Edge function çağrılıyor...
[2026-01-05 11:29:19] ✓ Başarılı (HTTP 200)
  Coin: RENDER, Endpoint: ATR, Progress: 2/8
[2026-01-05 11:29:41] Edge function çağrılıyor...
[2026-01-05 11:29:41] ✓ Başarılı (HTTP 200)
  Coin: RENDER, Endpoint: Fibonacci, Progress: 3/8
[2026-01-05 11:30:03] Edge function çağrılıyor...
[2026-01-05 11:30:03] ✓ Başarılı (HTTP 200)
  Coin: RENDER, Endpoint: ADX, Progress: 5/8
[2026-01-05 11:30:26] Edge function çağrılıyor...
[2026-01-05 11:30:26] ✓ Başarılı (HTTP 200)
  Coin: RENDER, Endpoint: SMA50, Progress: 6/8
[2026-01-05 11:30:48] Edge function çağrılıyor...
[2026-01-05 11:30:48] ✓ Başarılı (HTTP 200)
  Coin: RENDER, Endpoint: SMA100, Progress: 7/8
[2026-01-05 11:31:11] Edge function çağrılıyor...
[2026-01-05 11:31:11] ✓ Başarılı (HTTP 200)
  Coin: RENDER, Endpoint: SMA200, Progress: 8/8
[2026-01-05 11:31:34] Edge function çağrılıyor...
[2026-01-05 11:31:34] ✓ Başarılı (HTTP 200)
  Coin: RENDER, Endpoint: MA, Progress: 1/8
[2026-01-05 11:31:55] Edge function çağrılıyor...
[2026-01-05 11:31:55] ✓ Başarılı (HTTP 200)
  Coin: RENDER, Endpoint: VWAP, Progress: 2/5
[2026-01-05 11:32:17] Edge function çağrılıyor...
[2026-01-05 11:32:17] ✓ Başarılı (HTTP 200)
  Coin: RENDER, Endpoint: Bollinger Bands, Progress: 3/5
[2026-01-05 11:32:39] Edge function çağrılıyor...
[2026-01-05 11:32:39] ✓ Başarılı (HTTP 200)
  Coin: RENDER, Endpoint: Pivot Points, Progress: 4/5
[2026-01-05 11:33:01] Edge function çağrılıyor...
[2026-01-05 11:33:01] ✓ Başarılı (HTTP 200)
  Coin: NEAR, Endpoint: ATR, Progress: 1/5
[2026-01-05 11:33:23] Edge function çağrılıyor...
[2026-01-05 11:33:23] ✓ Başarılı (HTTP 200)
  Coin: NEAR, Endpoint: ATR, Progress: 2/8
[2026-01-05 11:33:45] Edge function çağrılıyor...
[2026-01-05 11:33:45] ✓ Başarılı (HTTP 200)
  Coin: NEAR, Endpoint: Fibonacci, Progress: 3/8
[2026-01-05 11:34:06] Edge function çağrılıyor...
[2026-01-05 11:34:06] ✓ Başarılı (HTTP 200)
  Coin: NEAR, Endpoint: RSI, Progress: 4/8
[2026-01-05 11:34:28] Edge function çağrılıyor...
[2026-01-05 11:34:28] ✓ Başarılı (HTTP 200)
  Coin: NEAR, Endpoint: ADX, Progress: 5/8
[2026-01-05 11:34:50] Edge function çağrılıyor...
[2026-01-05 11:34:50] ✓ Başarılı (HTTP 200)
  Coin: NEAR, Endpoint: SMA50, Progress: 6/8
[2026-01-05 11:35:11] Edge function çağrılıyor...
[2026-01-05 11:35:11] ✓ Başarılı (HTTP 200)
  Coin: NEAR, Endpoint: SMA100, Progress: 7/8
[2026-01-05 11:35:33] Edge function çağrılıyor...
[2026-01-05 11:35:33] ✓ Başarılı (HTTP 200)
  Coin: NEAR, Endpoint: SMA200, Progress: 8/8
[2026-01-05 11:35:54] Edge function çağrılıyor...
[2026-01-05 11:35:54] ✓ Başarılı (HTTP 200)
  Coin: NEAR, Endpoint: MA, Progress: 1/8
[2026-01-05 11:36:16] Edge function çağrılıyor...
[2026-01-05 11:36:16] ✓ Başarılı (HTTP 200)
  Coin: NEAR, Endpoint: Bollinger Bands, Progress: 3/5
[2026-01-05 11:36:38] Edge function çağrılıyor...
[2026-01-05 11:36:38] ✓ Başarılı (HTTP 200)
  Coin: NEAR, Endpoint: Pivot Points, Progress: 4/5
[2026-01-05 11:36:59] Edge function çağrılıyor...
[2026-01-05 11:36:59] ✓ Başarılı (HTTP 200)
  Coin: NEAR, Endpoint: RSI, Progress: 5/5
[2026-01-05 11:37:23] Edge function çağrılıyor...
[2026-01-05 11:37:23] ✓ Başarılı (HTTP 200)
  Coin: BTC, Endpoint: ATR, Progress: 1/5
[2026-01-05 11:37:44] Edge function çağrılıyor...
[2026-01-05 11:37:44] ✓ Başarılı (HTTP 200)
  Coin: BTC, Endpoint: ATR, Progress: 2/8
[2026-01-05 11:38:06] Edge function çağrılıyor...
[2026-01-05 11:38:06] ✓ Başarılı (HTTP 200)
  Coin: BTC, Endpoint: Fibonacci, Progress: 3/8
[2026-01-05 11:38:27] Edge function çağrılıyor...
[2026-01-05 11:38:27] ✓ Başarılı (HTTP 200)
  Coin: BTC, Endpoint: RSI, Progress: 4/8
[2026-01-05 11:38:49] Edge function çağrılıyor...
[2026-01-05 11:38:49] ✓ Başarılı (HTTP 200)
  Coin: BTC, Endpoint: ADX, Progress: 5/8
[2026-01-05 11:39:11] Edge function çağrılıyor...
[2026-01-05 11:39:11] ✓ Başarılı (HTTP 200)
  Coin: BTC, Endpoint: SMA100, Progress: 7/8
[2026-01-05 11:39:33] Edge function çağrılıyor...
[2026-01-05 11:39:33] ✓ Başarılı (HTTP 200)
  Coin: BTC, Endpoint: SMA200, Progress: 8/8
[2026-01-05 11:39:54] Edge function çağrılıyor...
[2026-01-05 11:39:54] ✓ Başarılı (HTTP 200)
  Coin: BTC, Endpoint: MA, Progress: 1/8
[2026-01-05 11:40:16] Edge function çağrılıyor...
[2026-01-05 11:40:16] ✓ Başarılı (HTTP 200)
  Coin: BTC, Endpoint: VWAP, Progress: 2/5
[2026-01-05 11:40:37] Edge function çağrılıyor...
[2026-01-05 11:40:37] ✓ Başarılı (HTTP 200)
  Coin: BTC, Endpoint: Bollinger Bands, Progress: 3/5
[2026-01-05 11:40:59] Edge function çağrılıyor...
[2026-01-05 11:40:59] ✓ Başarılı (HTTP 200)
  Coin: BTC, Endpoint: Pivot Points, Progress: 4/5
[2026-01-05 11:41:20] Edge function çağrılıyor...
[2026-01-05 11:41:20] ✓ Başarılı (HTTP 200)
  Coin: BTC, Endpoint: RSI, Progress: 5/5
[2026-01-05 11:41:42] Edge function çağrılıyor...
[2026-01-05 11:41:42] ✓ Başarılı (HTTP 200)
  Coin: ETH, Endpoint: ATR, Progress: 1/5
[2026-01-05 11:42:03] Edge function çağrılıyor...
[2026-01-05 11:42:03] ✓ Başarılı (HTTP 200)
  Coin: ETH, Endpoint: Fibonacci, Progress: 3/8
[2026-01-05 11:42:25] Edge function çağrılıyor...
[2026-01-05 11:42:25] ✓ Başarılı (HTTP 200)
  Coin: ETH, Endpoint: RSI, Progress: 4/8
[2026-01-05 11:42:47] Edge function çağrılıyor...
[2026-01-05 11:42:47] ✓ Başarılı (HTTP 200)
  Coin: ETH, Endpoint: ADX, Progress: 5/8
[2026-01-05 11:43:12] Edge function çağrılıyor...
[2026-01-05 11:43:12] ✓ Başarılı (HTTP 200)
  Coin: ETH, Endpoint: SMA50, Progress: 6/8
[2026-01-05 11:43:34] Edge function çağrılıyor...
[2026-01-05 11:43:34] ✓ Başarılı (HTTP 200)
  Coin: ETH, Endpoint: SMA100, Progress: 7/8
[2026-01-05 11:43:55] Edge function çağrılıyor...
[2026-01-05 11:43:55] ✓ Başarılı (HTTP 200)
  Coin: ETH, Endpoint: SMA200, Progress: 8/8
[2026-01-05 11:44:17] Edge function çağrılıyor...
[2026-01-05 11:44:17] ✓ Başarılı (HTTP 200)
  Coin: ETH, Endpoint: MA, Progress: 1/8
[2026-01-05 11:44:39] Edge function çağrılıyor...
[2026-01-05 11:44:39] ✓ Başarılı (HTTP 200)
  Coin: ETH, Endpoint: VWAP, Progress: 2/5
[2026-01-05 11:45:01] Edge function çağrılıyor...
[2026-01-05 11:45:01] ✓ Başarılı (HTTP 200)
  Coin: ETH, Endpoint: Pivot Points, Progress: 4/5
[2026-01-05 11:45:29] Edge function çağrılıyor...
[2026-01-05 11:45:29] ✓ Başarılı (HTTP 200)
  Coin: ETH, Endpoint: RSI, Progress: 5/5
[2026-01-05 11:45:51] Edge function çağrılıyor...
[2026-01-05 11:45:51] ✓ Başarılı (HTTP 200)
  Coin: SOL, Endpoint: ATR, Progress: 1/5
[2026-01-05 11:46:12] Edge function çağrılıyor...
[2026-01-05 11:46:12] ✓ Başarılı (HTTP 200)
  Coin: SOL, Endpoint: ATR, Progress: 2/8
[2026-01-05 11:46:34] Edge function çağrılıyor...
[2026-01-05 11:46:34] ✓ Başarılı (HTTP 200)
  Coin: SOL, Endpoint: Fibonacci, Progress: 3/8
[2026-01-05 11:46:56] Edge function çağrılıyor...
[2026-01-05 11:46:56] ✓ Başarılı (HTTP 200)
  Coin: SOL, Endpoint: RSI, Progress: 4/8
[2026-01-05 11:47:17] Edge function çağrılıyor...
[2026-01-05 11:47:17] ✓ Başarılı (HTTP 200)
  Coin: SOL, Endpoint: ADX, Progress: 5/8
[2026-01-05 11:47:39] Edge function çağrılıyor...
[2026-01-05 11:47:39] ✓ Başarılı (HTTP 200)
  Coin: SOL, Endpoint: SMA50, Progress: 6/8
[2026-01-05 11:48:01] Edge function çağrılıyor...
[2026-01-05 11:48:01] ✓ Başarılı (HTTP 200)
  Coin: SOL, Endpoint: SMA200, Progress: 8/8
[2026-01-05 11:48:22] Edge function çağrılıyor...
[2026-01-05 11:48:22] ✓ Başarılı (HTTP 200)
  Coin: SOL, Endpoint: MA, Progress: 1/8
[2026-01-05 11:48:44] Edge function çağrılıyor...
[2026-01-05 11:48:44] ✓ Başarılı (HTTP 200)
  Coin: SOL, Endpoint: VWAP, Progress: 2/5
[2026-01-05 11:49:05] Edge function çağrılıyor...
[2026-01-05 11:49:05] ✓ Başarılı (HTTP 200)
  Coin: SOL, Endpoint: Bollinger Bands, Progress: 3/5
[2026-01-05 11:49:35] Edge function çağrılıyor...
[2026-01-05 11:49:35] ✓ Başarılı (HTTP 200)
  Coin: SOL, Endpoint: Pivot Points, Progress: 4/5
[2026-01-05 11:49:57] Edge function çağrılıyor...
[2026-01-05 11:49:57] ✓ Başarılı (HTTP 200)
  Coin: SOL, Endpoint: RSI, Progress: 5/5
[2026-01-05 11:50:18] Edge function çağrılıyor...
[2026-01-05 11:50:18] ✓ Başarılı (HTTP 200)
  Coin: ADA, Endpoint: ATR, Progress: 1/5
[2026-01-05 11:50:41] Edge function çağrılıyor...
[2026-01-05 11:50:41] ✓ Başarılı (HTTP 200)
  Coin: ADA, Endpoint: ATR, Progress: 2/8
